The target system is: Linux -  - arm64
The host system is: Linux - 3.16.0-30-generic - x86_64
Compiling the C compiler identification source file "CMakeCCompilerId.c" succeeded.
Compiler: /opt/Xilinx/SDK/2017.1/gnu/aarch64/lin/aarch64-linux/bin/aarch64-linux-gnu-gcc 
Build flags: 
Id flags: 

The output was:
0


Compilation of the C compiler identification source "CMakeCCompilerId.c" produced "a.out"

The C compiler identification is GNU, found in "/home/ml/CI_CD/containerized_washer_wiper/CMakeFiles/3.2.2/CompilerIdC/a.out"

Compiling the CXX compiler identification source file "CMakeCXXCompilerId.cpp" succeeded.
Compiler: /opt/Xilinx/SDK/2017.1/gnu/aarch64/lin/aarch64-linux/bin/aarch64-linux-gnu-g++ 
Build flags: 
Id flags: 

The output was:
0


Compilation of the CXX compiler identification source "CMakeCXXCompilerId.cpp" produced "a.out"

The CXX compiler identification is GNU, found in "/home/ml/CI_CD/containerized_washer_wiper/CMakeFiles/3.2.2/CompilerIdCXX/a.out"

Determining if the C compiler works passed with the following output:
Change Dir: /home/ml/CI_CD/containerized_washer_wiper/CMakeFiles/CMakeTmp

Run Build Command:"/usr/bin/make" "cmTryCompileExec2628721727/fast"
/usr/bin/make -f CMakeFiles/cmTryCompileExec2628721727.dir/build.make CMakeFiles/cmTryCompileExec2628721727.dir/build
make[1]: Entering directory `/home/ml/CI_CD/containerized_washer_wiper/CMakeFiles/CMakeTmp'
/usr/local/bin/cmake -E cmake_progress_report /home/ml/CI_CD/containerized_washer_wiper/CMakeFiles/CMakeTmp/CMakeFiles 1
Building C object CMakeFiles/cmTryCompileExec2628721727.dir/testCCompiler.c.o
/opt/Xilinx/SDK/2017.1/gnu/aarch64/lin/aarch64-linux/bin/aarch64-linux-gnu-gcc    -o CMakeFiles/cmTryCompileExec2628721727.dir/testCCompiler.c.o   -c /home/ml/CI_CD/containerized_washer_wiper/CMakeFiles/CMakeTmp/testCCompiler.c
Linking C executable cmTryCompileExec2628721727
/usr/local/bin/cmake -E cmake_link_script CMakeFiles/cmTryCompileExec2628721727.dir/link.txt --verbose=1
/opt/Xilinx/SDK/2017.1/gnu/aarch64/lin/aarch64-linux/bin/aarch64-linux-gnu-gcc     -static  CMakeFiles/cmTryCompileExec2628721727.dir/testCCompiler.c.o  -o cmTryCompileExec2628721727 -rdynamic 
make[1]: Leaving directory `/home/ml/CI_CD/containerized_washer_wiper/CMakeFiles/CMakeTmp'


Detecting C compiler ABI info compiled with the following output:
Change Dir: /home/ml/CI_CD/containerized_washer_wiper/CMakeFiles/CMakeTmp

Run Build Command:"/usr/bin/make" "cmTryCompileExec1296266131/fast"
/usr/bin/make -f CMakeFiles/cmTryCompileExec1296266131.dir/build.make CMakeFiles/cmTryCompileExec1296266131.dir/build
make[1]: Entering directory `/home/ml/CI_CD/containerized_washer_wiper/CMakeFiles/CMakeTmp'
/usr/local/bin/cmake -E cmake_progress_report /home/ml/CI_CD/containerized_washer_wiper/CMakeFiles/CMakeTmp/CMakeFiles 1
Building C object CMakeFiles/cmTryCompileExec1296266131.dir/CMakeCCompilerABI.c.o
/opt/Xilinx/SDK/2017.1/gnu/aarch64/lin/aarch64-linux/bin/aarch64-linux-gnu-gcc    -o CMakeFiles/cmTryCompileExec1296266131.dir/CMakeCCompilerABI.c.o   -c /usr/local/share/cmake-3.2/Modules/CMakeCCompilerABI.c
Linking C executable cmTryCompileExec1296266131
/usr/local/bin/cmake -E cmake_link_script CMakeFiles/cmTryCompileExec1296266131.dir/link.txt --verbose=1
/opt/Xilinx/SDK/2017.1/gnu/aarch64/lin/aarch64-linux/bin/aarch64-linux-gnu-gcc     -static -v CMakeFiles/cmTryCompileExec1296266131.dir/CMakeCCompilerABI.c.o  -o cmTryCompileExec1296266131 -rdynamic  
Using built-in specs.
COLLECT_GCC=/opt/Xilinx/SDK/2017.1/gnu/aarch64/lin/aarch64-linux/bin/aarch64-linux-gnu-gcc
COLLECT_LTO_WRAPPER=/opt/Xilinx/SDK/2017.1/gnu/aarch64/lin/aarch64-linux/bin/../libexec/gcc/aarch64-linux-gnu/6.2.1/lto-wrapper
Target: aarch64-linux-gnu
Configured with: /proj/esdt_sdk/gnu_abe/ABE/builds/lin/arm/arm-linux/snapshots/gcc-linaro-snapshot-6.2-2016.11/configure SHELL=/bin/sh --with-bugurl=https://bugs.linaro.org --with-mpc=/proj/esdt_sdk/gnu_abe/ABE/builds/lin/aarch64/aarch64-linux/builds/destdir/x86_64-unknown-linux-gnu --with-mpfr=/proj/esdt_sdk/gnu_abe/ABE/builds/lin/aarch64/aarch64-linux/builds/destdir/x86_64-unknown-linux-gnu --with-gmp=/proj/esdt_sdk/gnu_abe/ABE/builds/lin/aarch64/aarch64-linux/builds/destdir/x86_64-unknown-linux-gnu --with-gnu-as --with-gnu-ld --disable-libstdcxx-pch --disable-libmudflap --with-cloog=no --with-ppl=no --with-isl=no --disable-nls --enable-c99 --enable-gnu-indirect-function --disable-multilib --with-arch=armv8-a --enable-fix-cortex-a53-835769 --enable-fix-cortex-a53-843419 --enable-multiarch CFLAGS=-O2 CXXFLAGS=-O2 --disable-silent-rules --enable-clocale=generic --enable-shared --enable-threads=posix --enable-libquadmath --enable-libg2c --disable-multilib --enable-c99 --enable-symvers=gnu --enable-libstdcxx-pch --without-local-prefix --enable-lto --enable-libssp --disable-bootstrap --disable-libmudflap --with-linker-hash-style=gnu --enable-linker-build-id --with-ppl=no --with-cloog=no --enable-checking=release --enable-cheaders=c_global --without-isl --enable-poison-system-directories --enable-nls --enable-__cxa_atexit --with-build-sysroot=/proj/esdt_sdk/gnu_abe/ABE/builds/lin/aarch64/aarch64-linux/builds/destdir/x86_64-unknown-linux-gnu/aarch64-linux-gnu/libc --enable-plugins --enable-linker-build-id --enable-long-long --enable-shared --with-sysroot=/proj/esdt_sdk/gnu_abe/ABE/builds/lin/aarch64/aarch64-linux/builds/destdir/x86_64-unknown-linux-gnu/aarch64-linux-gnu/libc --enable-languages=c,c++,lto --enable-checking=yes --disable-bootstrap --with-bugurl=https://bugs.linaro.org --build=x86_64-unknown-linux-gnu --host=x86_64-unknown-linux-gnu --target=aarch64-linux-gnu --prefix=/proj/esdt_sdk/gnu_abe/ABE/builds/lin/aarch64/aarch64-linux/builds/destdir/x86_64-unknown-linux-gnu
Thread model: posix
gcc version 6.2.1 20161114 (Linaro GCC Snapshot 6.2-2016.11) 
COMPILER_PATH=/opt/Xilinx/SDK/2017.1/gnu/aarch64/lin/aarch64-linux/bin/../libexec/gcc/aarch64-linux-gnu/6.2.1/:/opt/Xilinx/SDK/2017.1/gnu/aarch64/lin/aarch64-linux/bin/../libexec/gcc/aarch64-linux-gnu/:/opt/Xilinx/SDK/2017.1/gnu/aarch64/lin/aarch64-linux/bin/../libexec/gcc/:/opt/Xilinx/SDK/2017.1/gnu/aarch64/lin/aarch64-linux/bin/../lib/gcc/aarch64-linux-gnu/6.2.1/../../../../aarch64-linux-gnu/bin/
LIBRARY_PATH=/opt/Xilinx/SDK/2017.1/gnu/aarch64/lin/aarch64-linux/bin/../lib/gcc/aarch64-linux-gnu/6.2.1/:/opt/Xilinx/SDK/2017.1/gnu/aarch64/lin/aarch64-linux/bin/../lib/gcc/aarch64-linux-gnu/:/opt/Xilinx/SDK/2017.1/gnu/aarch64/lin/aarch64-linux/bin/../lib/gcc/:/opt/Xilinx/SDK/2017.1/gnu/aarch64/lin/aarch64-linux/bin/../lib/gcc/aarch64-linux-gnu/6.2.1/../../../../aarch64-linux-gnu/lib/../lib64/:/opt/Xilinx/SDK/2017.1/gnu/aarch64/lin/aarch64-linux/bin/../lib/gcc/aarch64-linux-gnu/6.2.1/../../../../aarch64-linux-gnu/lib/:/opt/Xilinx/SDK/2017.1/gnu/aarch64/lin/aarch64-linux/bin/../aarch64-linux-gnu/libc/lib/:/opt/Xilinx/SDK/2017.1/gnu/aarch64/lin/aarch64-linux/bin/../aarch64-linux-gnu/libc/usr/lib/
COLLECT_GCC_OPTIONS='-static' '-v' '-o' 'cmTryCompileExec1296266131' '-rdynamic' '-march=armv8-a' '-mlittle-endian' '-mabi=lp64'
 /opt/Xilinx/SDK/2017.1/gnu/aarch64/lin/aarch64-linux/bin/../libexec/gcc/aarch64-linux-gnu/6.2.1/collect2 -plugin /opt/Xilinx/SDK/2017.1/gnu/aarch64/lin/aarch64-linux/bin/../libexec/gcc/aarch64-linux-gnu/6.2.1/liblto_plugin.so -plugin-opt=/opt/Xilinx/SDK/2017.1/gnu/aarch64/lin/aarch64-linux/bin/../libexec/gcc/aarch64-linux-gnu/6.2.1/lto-wrapper -plugin-opt=-fresolution=/tmp/ccWDdgX4.res -plugin-opt=-pass-through=-lgcc -plugin-opt=-pass-through=-lgcc_eh -plugin-opt=-pass-through=-lc --sysroot=/opt/Xilinx/SDK/2017.1/gnu/aarch64/lin/aarch64-linux/bin/../aarch64-linux-gnu/libc --build-id --hash-style=gnu -Bstatic -X -EL -maarch64linux --fix-cortex-a53-835769 --fix-cortex-a53-843419 -o cmTryCompileExec1296266131 /opt/Xilinx/SDK/2017.1/gnu/aarch64/lin/aarch64-linux/bin/../aarch64-linux-gnu/libc/usr/lib/crt1.o /opt/Xilinx/SDK/2017.1/gnu/aarch64/lin/aarch64-linux/bin/../aarch64-linux-gnu/libc/usr/lib/crti.o /opt/Xilinx/SDK/2017.1/gnu/aarch64/lin/aarch64-linux/bin/../lib/gcc/aarch64-linux-gnu/6.2.1/crtbeginT.o -L/opt/Xilinx/SDK/2017.1/gnu/aarch64/lin/aarch64-linux/bin/../lib/gcc/aarch64-linux-gnu/6.2.1 -L/opt/Xilinx/SDK/2017.1/gnu/aarch64/lin/aarch64-linux/bin/../lib/gcc/aarch64-linux-gnu -L/opt/Xilinx/SDK/2017.1/gnu/aarch64/lin/aarch64-linux/bin/../lib/gcc -L/opt/Xilinx/SDK/2017.1/gnu/aarch64/lin/aarch64-linux/bin/../lib/gcc/aarch64-linux-gnu/6.2.1/../../../../aarch64-linux-gnu/lib/../lib64 -L/opt/Xilinx/SDK/2017.1/gnu/aarch64/lin/aarch64-linux/bin/../lib/gcc/aarch64-linux-gnu/6.2.1/../../../../aarch64-linux-gnu/lib -L/opt/Xilinx/SDK/2017.1/gnu/aarch64/lin/aarch64-linux/bin/../aarch64-linux-gnu/libc/lib -L/opt/Xilinx/SDK/2017.1/gnu/aarch64/lin/aarch64-linux/bin/../aarch64-linux-gnu/libc/usr/lib CMakeFiles/cmTryCompileExec1296266131.dir/CMakeCCompilerABI.c.o --start-group -lgcc -lgcc_eh -lc --end-group /opt/Xilinx/SDK/2017.1/gnu/aarch64/lin/aarch64-linux/bin/../lib/gcc/aarch64-linux-gnu/6.2.1/crtend.o /opt/Xilinx/SDK/2017.1/gnu/aarch64/lin/aarch64-linux/bin/../aarch64-linux-gnu/libc/usr/lib/crtn.o
COLLECT_GCC_OPTIONS='-static' '-v' '-o' 'cmTryCompileExec1296266131' '-rdynamic' '-march=armv8-a' '-mlittle-endian' '-mabi=lp64'
make[1]: Leaving directory `/home/ml/CI_CD/containerized_washer_wiper/CMakeFiles/CMakeTmp'


Parsed C implicit link information from above output:
  link line regex: [^( *|.*[/\])(aarch64-linux-gnu-ld|([^/\]+-)?ld|collect2)[^/\]*( |$)]
  ignore line: [Change Dir: /home/ml/CI_CD/containerized_washer_wiper/CMakeFiles/CMakeTmp]
  ignore line: []
  ignore line: [Run Build Command:"/usr/bin/make" "cmTryCompileExec1296266131/fast"]
  ignore line: [/usr/bin/make -f CMakeFiles/cmTryCompileExec1296266131.dir/build.make CMakeFiles/cmTryCompileExec1296266131.dir/build]
  ignore line: [make[1]: Entering directory `/home/ml/CI_CD/containerized_washer_wiper/CMakeFiles/CMakeTmp']
  ignore line: [/usr/local/bin/cmake -E cmake_progress_report /home/ml/CI_CD/containerized_washer_wiper/CMakeFiles/CMakeTmp/CMakeFiles 1]
  ignore line: [Building C object CMakeFiles/cmTryCompileExec1296266131.dir/CMakeCCompilerABI.c.o]
  ignore line: [/opt/Xilinx/SDK/2017.1/gnu/aarch64/lin/aarch64-linux/bin/aarch64-linux-gnu-gcc    -o CMakeFiles/cmTryCompileExec1296266131.dir/CMakeCCompilerABI.c.o   -c /usr/local/share/cmake-3.2/Modules/CMakeCCompilerABI.c]
  ignore line: [Linking C executable cmTryCompileExec1296266131]
  ignore line: [/usr/local/bin/cmake -E cmake_link_script CMakeFiles/cmTryCompileExec1296266131.dir/link.txt --verbose=1]
  ignore line: [/opt/Xilinx/SDK/2017.1/gnu/aarch64/lin/aarch64-linux/bin/aarch64-linux-gnu-gcc     -static -v CMakeFiles/cmTryCompileExec1296266131.dir/CMakeCCompilerABI.c.o  -o cmTryCompileExec1296266131 -rdynamic  ]
  ignore line: [Using built-in specs.]
  ignore line: [COLLECT_GCC=/opt/Xilinx/SDK/2017.1/gnu/aarch64/lin/aarch64-linux/bin/aarch64-linux-gnu-gcc]
  ignore line: [COLLECT_LTO_WRAPPER=/opt/Xilinx/SDK/2017.1/gnu/aarch64/lin/aarch64-linux/bin/../libexec/gcc/aarch64-linux-gnu/6.2.1/lto-wrapper]
  ignore line: [Target: aarch64-linux-gnu]
  ignore line: [Configured with: /proj/esdt_sdk/gnu_abe/ABE/builds/lin/arm/arm-linux/snapshots/gcc-linaro-snapshot-6.2-2016.11/configure SHELL=/bin/sh --with-bugurl=https://bugs.linaro.org --with-mpc=/proj/esdt_sdk/gnu_abe/ABE/builds/lin/aarch64/aarch64-linux/builds/destdir/x86_64-unknown-linux-gnu --with-mpfr=/proj/esdt_sdk/gnu_abe/ABE/builds/lin/aarch64/aarch64-linux/builds/destdir/x86_64-unknown-linux-gnu --with-gmp=/proj/esdt_sdk/gnu_abe/ABE/builds/lin/aarch64/aarch64-linux/builds/destdir/x86_64-unknown-linux-gnu --with-gnu-as --with-gnu-ld --disable-libstdcxx-pch --disable-libmudflap --with-cloog=no --with-ppl=no --with-isl=no --disable-nls --enable-c99 --enable-gnu-indirect-function --disable-multilib --with-arch=armv8-a --enable-fix-cortex-a53-835769 --enable-fix-cortex-a53-843419 --enable-multiarch CFLAGS=-O2 CXXFLAGS=-O2 --disable-silent-rules --enable-clocale=generic --enable-shared --enable-threads=posix --enable-libquadmath --enable-libg2c --disable-multilib --enable-c99 --enable-symvers=gnu --enable-libstdcxx-pch --without-local-prefix --enable-lto --enable-libssp --disable-bootstrap --disable-libmudflap --with-linker-hash-style=gnu --enable-linker-build-id --with-ppl=no --with-cloog=no --enable-checking=release --enable-cheaders=c_global --without-isl --enable-poison-system-directories --enable-nls --enable-__cxa_atexit --with-build-sysroot=/proj/esdt_sdk/gnu_abe/ABE/builds/lin/aarch64/aarch64-linux/builds/destdir/x86_64-unknown-linux-gnu/aarch64-linux-gnu/libc --enable-plugins --enable-linker-build-id --enable-long-long --enable-shared --with-sysroot=/proj/esdt_sdk/gnu_abe/ABE/builds/lin/aarch64/aarch64-linux/builds/destdir/x86_64-unknown-linux-gnu/aarch64-linux-gnu/libc --enable-languages=c,c++,lto --enable-checking=yes --disable-bootstrap --with-bugurl=https://bugs.linaro.org --build=x86_64-unknown-linux-gnu --host=x86_64-unknown-linux-gnu --target=aarch64-linux-gnu --prefix=/proj/esdt_sdk/gnu_abe/ABE/builds/lin/aarch64/aarch64-linux/builds/destdir/x86_64-unknown-linux-gnu]
  ignore line: [Thread model: posix]
  ignore line: [gcc version 6.2.1 20161114 (Linaro GCC Snapshot 6.2-2016.11) ]
  ignore line: [COMPILER_PATH=/opt/Xilinx/SDK/2017.1/gnu/aarch64/lin/aarch64-linux/bin/../libexec/gcc/aarch64-linux-gnu/6.2.1/:/opt/Xilinx/SDK/2017.1/gnu/aarch64/lin/aarch64-linux/bin/../libexec/gcc/aarch64-linux-gnu/:/opt/Xilinx/SDK/2017.1/gnu/aarch64/lin/aarch64-linux/bin/../libexec/gcc/:/opt/Xilinx/SDK/2017.1/gnu/aarch64/lin/aarch64-linux/bin/../lib/gcc/aarch64-linux-gnu/6.2.1/../../../../aarch64-linux-gnu/bin/]
  ignore line: [LIBRARY_PATH=/opt/Xilinx/SDK/2017.1/gnu/aarch64/lin/aarch64-linux/bin/../lib/gcc/aarch64-linux-gnu/6.2.1/:/opt/Xilinx/SDK/2017.1/gnu/aarch64/lin/aarch64-linux/bin/../lib/gcc/aarch64-linux-gnu/:/opt/Xilinx/SDK/2017.1/gnu/aarch64/lin/aarch64-linux/bin/../lib/gcc/:/opt/Xilinx/SDK/2017.1/gnu/aarch64/lin/aarch64-linux/bin/../lib/gcc/aarch64-linux-gnu/6.2.1/../../../../aarch64-linux-gnu/lib/../lib64/:/opt/Xilinx/SDK/2017.1/gnu/aarch64/lin/aarch64-linux/bin/../lib/gcc/aarch64-linux-gnu/6.2.1/../../../../aarch64-linux-gnu/lib/:/opt/Xilinx/SDK/2017.1/gnu/aarch64/lin/aarch64-linux/bin/../aarch64-linux-gnu/libc/lib/:/opt/Xilinx/SDK/2017.1/gnu/aarch64/lin/aarch64-linux/bin/../aarch64-linux-gnu/libc/usr/lib/]
  ignore line: [COLLECT_GCC_OPTIONS='-static' '-v' '-o' 'cmTryCompileExec1296266131' '-rdynamic' '-march=armv8-a' '-mlittle-endian' '-mabi=lp64']
  link line: [ /opt/Xilinx/SDK/2017.1/gnu/aarch64/lin/aarch64-linux/bin/../libexec/gcc/aarch64-linux-gnu/6.2.1/collect2 -plugin /opt/Xilinx/SDK/2017.1/gnu/aarch64/lin/aarch64-linux/bin/../libexec/gcc/aarch64-linux-gnu/6.2.1/liblto_plugin.so -plugin-opt=/opt/Xilinx/SDK/2017.1/gnu/aarch64/lin/aarch64-linux/bin/../libexec/gcc/aarch64-linux-gnu/6.2.1/lto-wrapper -plugin-opt=-fresolution=/tmp/ccWDdgX4.res -plugin-opt=-pass-through=-lgcc -plugin-opt=-pass-through=-lgcc_eh -plugin-opt=-pass-through=-lc --sysroot=/opt/Xilinx/SDK/2017.1/gnu/aarch64/lin/aarch64-linux/bin/../aarch64-linux-gnu/libc --build-id --hash-style=gnu -Bstatic -X -EL -maarch64linux --fix-cortex-a53-835769 --fix-cortex-a53-843419 -o cmTryCompileExec1296266131 /opt/Xilinx/SDK/2017.1/gnu/aarch64/lin/aarch64-linux/bin/../aarch64-linux-gnu/libc/usr/lib/crt1.o /opt/Xilinx/SDK/2017.1/gnu/aarch64/lin/aarch64-linux/bin/../aarch64-linux-gnu/libc/usr/lib/crti.o /opt/Xilinx/SDK/2017.1/gnu/aarch64/lin/aarch64-linux/bin/../lib/gcc/aarch64-linux-gnu/6.2.1/crtbeginT.o -L/opt/Xilinx/SDK/2017.1/gnu/aarch64/lin/aarch64-linux/bin/../lib/gcc/aarch64-linux-gnu/6.2.1 -L/opt/Xilinx/SDK/2017.1/gnu/aarch64/lin/aarch64-linux/bin/../lib/gcc/aarch64-linux-gnu -L/opt/Xilinx/SDK/2017.1/gnu/aarch64/lin/aarch64-linux/bin/../lib/gcc -L/opt/Xilinx/SDK/2017.1/gnu/aarch64/lin/aarch64-linux/bin/../lib/gcc/aarch64-linux-gnu/6.2.1/../../../../aarch64-linux-gnu/lib/../lib64 -L/opt/Xilinx/SDK/2017.1/gnu/aarch64/lin/aarch64-linux/bin/../lib/gcc/aarch64-linux-gnu/6.2.1/../../../../aarch64-linux-gnu/lib -L/opt/Xilinx/SDK/2017.1/gnu/aarch64/lin/aarch64-linux/bin/../aarch64-linux-gnu/libc/lib -L/opt/Xilinx/SDK/2017.1/gnu/aarch64/lin/aarch64-linux/bin/../aarch64-linux-gnu/libc/usr/lib CMakeFiles/cmTryCompileExec1296266131.dir/CMakeCCompilerABI.c.o --start-group -lgcc -lgcc_eh -lc --end-group /opt/Xilinx/SDK/2017.1/gnu/aarch64/lin/aarch64-linux/bin/../lib/gcc/aarch64-linux-gnu/6.2.1/crtend.o /opt/Xilinx/SDK/2017.1/gnu/aarch64/lin/aarch64-linux/bin/../aarch64-linux-gnu/libc/usr/lib/crtn.o]
    arg [/opt/Xilinx/SDK/2017.1/gnu/aarch64/lin/aarch64-linux/bin/../libexec/gcc/aarch64-linux-gnu/6.2.1/collect2] ==> ignore
    arg [-plugin] ==> ignore
    arg [/opt/Xilinx/SDK/2017.1/gnu/aarch64/lin/aarch64-linux/bin/../libexec/gcc/aarch64-linux-gnu/6.2.1/liblto_plugin.so] ==> ignore
    arg [-plugin-opt=/opt/Xilinx/SDK/2017.1/gnu/aarch64/lin/aarch64-linux/bin/../libexec/gcc/aarch64-linux-gnu/6.2.1/lto-wrapper] ==> ignore
    arg [-plugin-opt=-fresolution=/tmp/ccWDdgX4.res] ==> ignore
    arg [-plugin-opt=-pass-through=-lgcc] ==> ignore
    arg [-plugin-opt=-pass-through=-lgcc_eh] ==> ignore
    arg [-plugin-opt=-pass-through=-lc] ==> ignore
    arg [--sysroot=/opt/Xilinx/SDK/2017.1/gnu/aarch64/lin/aarch64-linux/bin/../aarch64-linux-gnu/libc] ==> ignore
    arg [--build-id] ==> ignore
    arg [--hash-style=gnu] ==> ignore
    arg [-Bstatic] ==> ignore
    arg [-X] ==> ignore
    arg [-EL] ==> ignore
    arg [-maarch64linux] ==> ignore
    arg [--fix-cortex-a53-835769] ==> ignore
    arg [--fix-cortex-a53-843419] ==> ignore
    arg [-o] ==> ignore
    arg [cmTryCompileExec1296266131] ==> ignore
    arg [/opt/Xilinx/SDK/2017.1/gnu/aarch64/lin/aarch64-linux/bin/../aarch64-linux-gnu/libc/usr/lib/crt1.o] ==> ignore
    arg [/opt/Xilinx/SDK/2017.1/gnu/aarch64/lin/aarch64-linux/bin/../aarch64-linux-gnu/libc/usr/lib/crti.o] ==> ignore
    arg [/opt/Xilinx/SDK/2017.1/gnu/aarch64/lin/aarch64-linux/bin/../lib/gcc/aarch64-linux-gnu/6.2.1/crtbeginT.o] ==> ignore
    arg [-L/opt/Xilinx/SDK/2017.1/gnu/aarch64/lin/aarch64-linux/bin/../lib/gcc/aarch64-linux-gnu/6.2.1] ==> dir [/opt/Xilinx/SDK/2017.1/gnu/aarch64/lin/aarch64-linux/bin/../lib/gcc/aarch64-linux-gnu/6.2.1]
    arg [-L/opt/Xilinx/SDK/2017.1/gnu/aarch64/lin/aarch64-linux/bin/../lib/gcc/aarch64-linux-gnu] ==> dir [/opt/Xilinx/SDK/2017.1/gnu/aarch64/lin/aarch64-linux/bin/../lib/gcc/aarch64-linux-gnu]
    arg [-L/opt/Xilinx/SDK/2017.1/gnu/aarch64/lin/aarch64-linux/bin/../lib/gcc] ==> dir [/opt/Xilinx/SDK/2017.1/gnu/aarch64/lin/aarch64-linux/bin/../lib/gcc]
    arg [-L/opt/Xilinx/SDK/2017.1/gnu/aarch64/lin/aarch64-linux/bin/../lib/gcc/aarch64-linux-gnu/6.2.1/../../../../aarch64-linux-gnu/lib/../lib64] ==> dir [/opt/Xilinx/SDK/2017.1/gnu/aarch64/lin/aarch64-linux/bin/../lib/gcc/aarch64-linux-gnu/6.2.1/../../../../aarch64-linux-gnu/lib/../lib64]
    arg [-L/opt/Xilinx/SDK/2017.1/gnu/aarch64/lin/aarch64-linux/bin/../lib/gcc/aarch64-linux-gnu/6.2.1/../../../../aarch64-linux-gnu/lib] ==> dir [/opt/Xilinx/SDK/2017.1/gnu/aarch64/lin/aarch64-linux/bin/../lib/gcc/aarch64-linux-gnu/6.2.1/../../../../aarch64-linux-gnu/lib]
    arg [-L/opt/Xilinx/SDK/2017.1/gnu/aarch64/lin/aarch64-linux/bin/../aarch64-linux-gnu/libc/lib] ==> dir [/opt/Xilinx/SDK/2017.1/gnu/aarch64/lin/aarch64-linux/bin/../aarch64-linux-gnu/libc/lib]
    arg [-L/opt/Xilinx/SDK/2017.1/gnu/aarch64/lin/aarch64-linux/bin/../aarch64-linux-gnu/libc/usr/lib] ==> dir [/opt/Xilinx/SDK/2017.1/gnu/aarch64/lin/aarch64-linux/bin/../aarch64-linux-gnu/libc/usr/lib]
    arg [CMakeFiles/cmTryCompileExec1296266131.dir/CMakeCCompilerABI.c.o] ==> ignore
    arg [--start-group] ==> ignore
    arg [-lgcc] ==> lib [gcc]
    arg [-lgcc_eh] ==> lib [gcc_eh]
    arg [-lc] ==> lib [c]
    arg [--end-group] ==> ignore
    arg [/opt/Xilinx/SDK/2017.1/gnu/aarch64/lin/aarch64-linux/bin/../lib/gcc/aarch64-linux-gnu/6.2.1/crtend.o] ==> ignore
    arg [/opt/Xilinx/SDK/2017.1/gnu/aarch64/lin/aarch64-linux/bin/../aarch64-linux-gnu/libc/usr/lib/crtn.o] ==> ignore
  remove lib [gcc]
  remove lib [gcc_eh]
  collapse library dir [/opt/Xilinx/SDK/2017.1/gnu/aarch64/lin/aarch64-linux/bin/../lib/gcc/aarch64-linux-gnu/6.2.1] ==> [/opt/Xilinx/SDK/2017.1/gnu/aarch64/lin/aarch64-linux/lib/gcc/aarch64-linux-gnu/6.2.1]
  collapse library dir [/opt/Xilinx/SDK/2017.1/gnu/aarch64/lin/aarch64-linux/bin/../lib/gcc/aarch64-linux-gnu] ==> [/opt/Xilinx/SDK/2017.1/gnu/aarch64/lin/aarch64-linux/lib/gcc/aarch64-linux-gnu]
  collapse library dir [/opt/Xilinx/SDK/2017.1/gnu/aarch64/lin/aarch64-linux/bin/../lib/gcc] ==> [/opt/Xilinx/SDK/2017.1/gnu/aarch64/lin/aarch64-linux/lib/gcc]
  collapse library dir [/opt/Xilinx/SDK/2017.1/gnu/aarch64/lin/aarch64-linux/bin/../lib/gcc/aarch64-linux-gnu/6.2.1/../../../../aarch64-linux-gnu/lib/../lib64] ==> [/opt/Xilinx/SDK/2017.1/gnu/aarch64/lin/aarch64-linux/aarch64-linux-gnu/lib64]
  collapse library dir [/opt/Xilinx/SDK/2017.1/gnu/aarch64/lin/aarch64-linux/bin/../lib/gcc/aarch64-linux-gnu/6.2.1/../../../../aarch64-linux-gnu/lib] ==> [/opt/Xilinx/SDK/2017.1/gnu/aarch64/lin/aarch64-linux/aarch64-linux-gnu/lib]
  collapse library dir [/opt/Xilinx/SDK/2017.1/gnu/aarch64/lin/aarch64-linux/bin/../aarch64-linux-gnu/libc/lib] ==> [/opt/Xilinx/SDK/2017.1/gnu/aarch64/lin/aarch64-linux/aarch64-linux-gnu/libc/lib]
  collapse library dir [/opt/Xilinx/SDK/2017.1/gnu/aarch64/lin/aarch64-linux/bin/../aarch64-linux-gnu/libc/usr/lib] ==> [/opt/Xilinx/SDK/2017.1/gnu/aarch64/lin/aarch64-linux/aarch64-linux-gnu/libc/usr/lib]
  implicit libs: [c]
  implicit dirs: [/opt/Xilinx/SDK/2017.1/gnu/aarch64/lin/aarch64-linux/lib/gcc/aarch64-linux-gnu/6.2.1;/opt/Xilinx/SDK/2017.1/gnu/aarch64/lin/aarch64-linux/lib/gcc/aarch64-linux-gnu;/opt/Xilinx/SDK/2017.1/gnu/aarch64/lin/aarch64-linux/lib/gcc;/opt/Xilinx/SDK/2017.1/gnu/aarch64/lin/aarch64-linux/aarch64-linux-gnu/lib64;/opt/Xilinx/SDK/2017.1/gnu/aarch64/lin/aarch64-linux/aarch64-linux-gnu/lib;/opt/Xilinx/SDK/2017.1/gnu/aarch64/lin/aarch64-linux/aarch64-linux-gnu/libc/lib;/opt/Xilinx/SDK/2017.1/gnu/aarch64/lin/aarch64-linux/aarch64-linux-gnu/libc/usr/lib]
  implicit fwks: []




Detecting C [-std=c11] compiler features compiled with the following output:
Change Dir: /home/ml/CI_CD/containerized_washer_wiper/CMakeFiles/CMakeTmp

Run Build Command:"/usr/bin/make" "cmTryCompileExec2420710644/fast"
/usr/bin/make -f CMakeFiles/cmTryCompileExec2420710644.dir/build.make CMakeFiles/cmTryCompileExec2420710644.dir/build
make[1]: Entering directory `/home/ml/CI_CD/containerized_washer_wiper/CMakeFiles/CMakeTmp'
/usr/local/bin/cmake -E cmake_progress_report /home/ml/CI_CD/containerized_washer_wiper/CMakeFiles/CMakeTmp/CMakeFiles 1
Building C object CMakeFiles/cmTryCompileExec2420710644.dir/feature_tests.c.o
/opt/Xilinx/SDK/2017.1/gnu/aarch64/lin/aarch64-linux/bin/aarch64-linux-gnu-gcc   -std=c11 -o CMakeFiles/cmTryCompileExec2420710644.dir/feature_tests.c.o   -c /home/ml/CI_CD/containerized_washer_wiper/CMakeFiles/feature_tests.c
Linking C executable cmTryCompileExec2420710644
/usr/local/bin/cmake -E cmake_link_script CMakeFiles/cmTryCompileExec2420710644.dir/link.txt --verbose=1
/opt/Xilinx/SDK/2017.1/gnu/aarch64/lin/aarch64-linux/bin/aarch64-linux-gnu-gcc     -static  CMakeFiles/cmTryCompileExec2420710644.dir/feature_tests.c.o  -o cmTryCompileExec2420710644 -rdynamic 
make[1]: Leaving directory `/home/ml/CI_CD/containerized_washer_wiper/CMakeFiles/CMakeTmp'


    Feature record: C_FEATURE:1c_function_prototypes
    Feature record: C_FEATURE:1c_restrict
    Feature record: C_FEATURE:1c_static_assert
    Feature record: C_FEATURE:1c_variadic_macros


Detecting C [-std=c99] compiler features compiled with the following output:
Change Dir: /home/ml/CI_CD/containerized_washer_wiper/CMakeFiles/CMakeTmp

Run Build Command:"/usr/bin/make" "cmTryCompileExec4264350766/fast"
/usr/bin/make -f CMakeFiles/cmTryCompileExec4264350766.dir/build.make CMakeFiles/cmTryCompileExec4264350766.dir/build
make[1]: Entering directory `/home/ml/CI_CD/containerized_washer_wiper/CMakeFiles/CMakeTmp'
/usr/local/bin/cmake -E cmake_progress_report /home/ml/CI_CD/containerized_washer_wiper/CMakeFiles/CMakeTmp/CMakeFiles 1
Building C object CMakeFiles/cmTryCompileExec4264350766.dir/feature_tests.c.o
/opt/Xilinx/SDK/2017.1/gnu/aarch64/lin/aarch64-linux/bin/aarch64-linux-gnu-gcc   -std=c99 -o CMakeFiles/cmTryCompileExec4264350766.dir/feature_tests.c.o   -c /home/ml/CI_CD/containerized_washer_wiper/CMakeFiles/feature_tests.c
Linking C executable cmTryCompileExec4264350766
/usr/local/bin/cmake -E cmake_link_script CMakeFiles/cmTryCompileExec4264350766.dir/link.txt --verbose=1
/opt/Xilinx/SDK/2017.1/gnu/aarch64/lin/aarch64-linux/bin/aarch64-linux-gnu-gcc     -static  CMakeFiles/cmTryCompileExec4264350766.dir/feature_tests.c.o  -o cmTryCompileExec4264350766 -rdynamic 
make[1]: Leaving directory `/home/ml/CI_CD/containerized_washer_wiper/CMakeFiles/CMakeTmp'


    Feature record: C_FEATURE:1c_function_prototypes
    Feature record: C_FEATURE:1c_restrict
    Feature record: C_FEATURE:0c_static_assert
    Feature record: C_FEATURE:1c_variadic_macros


Detecting C [-std=c90] compiler features compiled with the following output:
Change Dir: /home/ml/CI_CD/containerized_washer_wiper/CMakeFiles/CMakeTmp

Run Build Command:"/usr/bin/make" "cmTryCompileExec2044034885/fast"
/usr/bin/make -f CMakeFiles/cmTryCompileExec2044034885.dir/build.make CMakeFiles/cmTryCompileExec2044034885.dir/build
make[1]: Entering directory `/home/ml/CI_CD/containerized_washer_wiper/CMakeFiles/CMakeTmp'
/usr/local/bin/cmake -E cmake_progress_report /home/ml/CI_CD/containerized_washer_wiper/CMakeFiles/CMakeTmp/CMakeFiles 1
Building C object CMakeFiles/cmTryCompileExec2044034885.dir/feature_tests.c.o
/opt/Xilinx/SDK/2017.1/gnu/aarch64/lin/aarch64-linux/bin/aarch64-linux-gnu-gcc   -std=c90 -o CMakeFiles/cmTryCompileExec2044034885.dir/feature_tests.c.o   -c /home/ml/CI_CD/containerized_washer_wiper/CMakeFiles/feature_tests.c
Linking C executable cmTryCompileExec2044034885
/usr/local/bin/cmake -E cmake_link_script CMakeFiles/cmTryCompileExec2044034885.dir/link.txt --verbose=1
/opt/Xilinx/SDK/2017.1/gnu/aarch64/lin/aarch64-linux/bin/aarch64-linux-gnu-gcc     -static  CMakeFiles/cmTryCompileExec2044034885.dir/feature_tests.c.o  -o cmTryCompileExec2044034885 -rdynamic 
make[1]: Leaving directory `/home/ml/CI_CD/containerized_washer_wiper/CMakeFiles/CMakeTmp'


    Feature record: C_FEATURE:1c_function_prototypes
    Feature record: C_FEATURE:0c_restrict
    Feature record: C_FEATURE:0c_static_assert
    Feature record: C_FEATURE:0c_variadic_macros
Determining if the CXX compiler works passed with the following output:
Change Dir: /home/ml/CI_CD/containerized_washer_wiper/CMakeFiles/CMakeTmp

Run Build Command:"/usr/bin/make" "cmTryCompileExec1885843934/fast"
/usr/bin/make -f CMakeFiles/cmTryCompileExec1885843934.dir/build.make CMakeFiles/cmTryCompileExec1885843934.dir/build
make[1]: Entering directory `/home/ml/CI_CD/containerized_washer_wiper/CMakeFiles/CMakeTmp'
/usr/local/bin/cmake -E cmake_progress_report /home/ml/CI_CD/containerized_washer_wiper/CMakeFiles/CMakeTmp/CMakeFiles 1
Building CXX object CMakeFiles/cmTryCompileExec1885843934.dir/testCXXCompiler.cxx.o
/opt/Xilinx/SDK/2017.1/gnu/aarch64/lin/aarch64-linux/bin/aarch64-linux-gnu-g++     -o CMakeFiles/cmTryCompileExec1885843934.dir/testCXXCompiler.cxx.o -c /home/ml/CI_CD/containerized_washer_wiper/CMakeFiles/CMakeTmp/testCXXCompiler.cxx
Linking CXX executable cmTryCompileExec1885843934
/usr/local/bin/cmake -E cmake_link_script CMakeFiles/cmTryCompileExec1885843934.dir/link.txt --verbose=1
/opt/Xilinx/SDK/2017.1/gnu/aarch64/lin/aarch64-linux/bin/aarch64-linux-gnu-g++      -static  CMakeFiles/cmTryCompileExec1885843934.dir/testCXXCompiler.cxx.o  -o cmTryCompileExec1885843934 -rdynamic 
make[1]: Leaving directory `/home/ml/CI_CD/containerized_washer_wiper/CMakeFiles/CMakeTmp'


Detecting CXX compiler ABI info compiled with the following output:
Change Dir: /home/ml/CI_CD/containerized_washer_wiper/CMakeFiles/CMakeTmp

Run Build Command:"/usr/bin/make" "cmTryCompileExec3109006955/fast"
/usr/bin/make -f CMakeFiles/cmTryCompileExec3109006955.dir/build.make CMakeFiles/cmTryCompileExec3109006955.dir/build
make[1]: Entering directory `/home/ml/CI_CD/containerized_washer_wiper/CMakeFiles/CMakeTmp'
/usr/local/bin/cmake -E cmake_progress_report /home/ml/CI_CD/containerized_washer_wiper/CMakeFiles/CMakeTmp/CMakeFiles 1
Building CXX object CMakeFiles/cmTryCompileExec3109006955.dir/CMakeCXXCompilerABI.cpp.o
/opt/Xilinx/SDK/2017.1/gnu/aarch64/lin/aarch64-linux/bin/aarch64-linux-gnu-g++     -o CMakeFiles/cmTryCompileExec3109006955.dir/CMakeCXXCompilerABI.cpp.o -c /usr/local/share/cmake-3.2/Modules/CMakeCXXCompilerABI.cpp
Linking CXX executable cmTryCompileExec3109006955
/usr/local/bin/cmake -E cmake_link_script CMakeFiles/cmTryCompileExec3109006955.dir/link.txt --verbose=1
/opt/Xilinx/SDK/2017.1/gnu/aarch64/lin/aarch64-linux/bin/aarch64-linux-gnu-g++      -static -v CMakeFiles/cmTryCompileExec3109006955.dir/CMakeCXXCompilerABI.cpp.o  -o cmTryCompileExec3109006955 -rdynamic  
Using built-in specs.
COLLECT_GCC=/opt/Xilinx/SDK/2017.1/gnu/aarch64/lin/aarch64-linux/bin/aarch64-linux-gnu-g++
COLLECT_LTO_WRAPPER=/opt/Xilinx/SDK/2017.1/gnu/aarch64/lin/aarch64-linux/bin/../libexec/gcc/aarch64-linux-gnu/6.2.1/lto-wrapper
Target: aarch64-linux-gnu
Configured with: /proj/esdt_sdk/gnu_abe/ABE/builds/lin/arm/arm-linux/snapshots/gcc-linaro-snapshot-6.2-2016.11/configure SHELL=/bin/sh --with-bugurl=https://bugs.linaro.org --with-mpc=/proj/esdt_sdk/gnu_abe/ABE/builds/lin/aarch64/aarch64-linux/builds/destdir/x86_64-unknown-linux-gnu --with-mpfr=/proj/esdt_sdk/gnu_abe/ABE/builds/lin/aarch64/aarch64-linux/builds/destdir/x86_64-unknown-linux-gnu --with-gmp=/proj/esdt_sdk/gnu_abe/ABE/builds/lin/aarch64/aarch64-linux/builds/destdir/x86_64-unknown-linux-gnu --with-gnu-as --with-gnu-ld --disable-libstdcxx-pch --disable-libmudflap --with-cloog=no --with-ppl=no --with-isl=no --disable-nls --enable-c99 --enable-gnu-indirect-function --disable-multilib --with-arch=armv8-a --enable-fix-cortex-a53-835769 --enable-fix-cortex-a53-843419 --enable-multiarch CFLAGS=-O2 CXXFLAGS=-O2 --disable-silent-rules --enable-clocale=generic --enable-shared --enable-threads=posix --enable-libquadmath --enable-libg2c --disable-multilib --enable-c99 --enable-symvers=gnu --enable-libstdcxx-pch --without-local-prefix --enable-lto --enable-libssp --disable-bootstrap --disable-libmudflap --with-linker-hash-style=gnu --enable-linker-build-id --with-ppl=no --with-cloog=no --enable-checking=release --enable-cheaders=c_global --without-isl --enable-poison-system-directories --enable-nls --enable-__cxa_atexit --with-build-sysroot=/proj/esdt_sdk/gnu_abe/ABE/builds/lin/aarch64/aarch64-linux/builds/destdir/x86_64-unknown-linux-gnu/aarch64-linux-gnu/libc --enable-plugins --enable-linker-build-id --enable-long-long --enable-shared --with-sysroot=/proj/esdt_sdk/gnu_abe/ABE/builds/lin/aarch64/aarch64-linux/builds/destdir/x86_64-unknown-linux-gnu/aarch64-linux-gnu/libc --enable-languages=c,c++,lto --enable-checking=yes --disable-bootstrap --with-bugurl=https://bugs.linaro.org --build=x86_64-unknown-linux-gnu --host=x86_64-unknown-linux-gnu --target=aarch64-linux-gnu --prefix=/proj/esdt_sdk/gnu_abe/ABE/builds/lin/aarch64/aarch64-linux/builds/destdir/x86_64-unknown-linux-gnu
Thread model: posix
gcc version 6.2.1 20161114 (Linaro GCC Snapshot 6.2-2016.11) 
COMPILER_PATH=/opt/Xilinx/SDK/2017.1/gnu/aarch64/lin/aarch64-linux/bin/../libexec/gcc/aarch64-linux-gnu/6.2.1/:/opt/Xilinx/SDK/2017.1/gnu/aarch64/lin/aarch64-linux/bin/../libexec/gcc/aarch64-linux-gnu/:/opt/Xilinx/SDK/2017.1/gnu/aarch64/lin/aarch64-linux/bin/../libexec/gcc/:/opt/Xilinx/SDK/2017.1/gnu/aarch64/lin/aarch64-linux/bin/../lib/gcc/aarch64-linux-gnu/6.2.1/../../../../aarch64-linux-gnu/bin/
LIBRARY_PATH=/opt/Xilinx/SDK/2017.1/gnu/aarch64/lin/aarch64-linux/bin/../lib/gcc/aarch64-linux-gnu/6.2.1/:/opt/Xilinx/SDK/2017.1/gnu/aarch64/lin/aarch64-linux/bin/../lib/gcc/aarch64-linux-gnu/:/opt/Xilinx/SDK/2017.1/gnu/aarch64/lin/aarch64-linux/bin/../lib/gcc/:/opt/Xilinx/SDK/2017.1/gnu/aarch64/lin/aarch64-linux/bin/../lib/gcc/aarch64-linux-gnu/6.2.1/../../../../aarch64-linux-gnu/lib/../lib64/:/opt/Xilinx/SDK/2017.1/gnu/aarch64/lin/aarch64-linux/bin/../lib/gcc/aarch64-linux-gnu/6.2.1/../../../../aarch64-linux-gnu/lib/:/opt/Xilinx/SDK/2017.1/gnu/aarch64/lin/aarch64-linux/bin/../aarch64-linux-gnu/libc/lib/:/opt/Xilinx/SDK/2017.1/gnu/aarch64/lin/aarch64-linux/bin/../aarch64-linux-gnu/libc/usr/lib/
COLLECT_GCC_OPTIONS='-static' '-v' '-o' 'cmTryCompileExec3109006955' '-rdynamic' '-march=armv8-a' '-mlittle-endian' '-mabi=lp64'
 /opt/Xilinx/SDK/2017.1/gnu/aarch64/lin/aarch64-linux/bin/../libexec/gcc/aarch64-linux-gnu/6.2.1/collect2 -plugin /opt/Xilinx/SDK/2017.1/gnu/aarch64/lin/aarch64-linux/bin/../libexec/gcc/aarch64-linux-gnu/6.2.1/liblto_plugin.so -plugin-opt=/opt/Xilinx/SDK/2017.1/gnu/aarch64/lin/aarch64-linux/bin/../libexec/gcc/aarch64-linux-gnu/6.2.1/lto-wrapper -plugin-opt=-fresolution=/tmp/ccLL7em8.res -plugin-opt=-pass-through=-lgcc -plugin-opt=-pass-through=-lgcc_eh -plugin-opt=-pass-through=-lc --sysroot=/opt/Xilinx/SDK/2017.1/gnu/aarch64/lin/aarch64-linux/bin/../aarch64-linux-gnu/libc --build-id --hash-style=gnu -Bstatic -X -EL -maarch64linux --fix-cortex-a53-835769 --fix-cortex-a53-843419 -o cmTryCompileExec3109006955 /opt/Xilinx/SDK/2017.1/gnu/aarch64/lin/aarch64-linux/bin/../aarch64-linux-gnu/libc/usr/lib/crt1.o /opt/Xilinx/SDK/2017.1/gnu/aarch64/lin/aarch64-linux/bin/../aarch64-linux-gnu/libc/usr/lib/crti.o /opt/Xilinx/SDK/2017.1/gnu/aarch64/lin/aarch64-linux/bin/../lib/gcc/aarch64-linux-gnu/6.2.1/crtbeginT.o -L/opt/Xilinx/SDK/2017.1/gnu/aarch64/lin/aarch64-linux/bin/../lib/gcc/aarch64-linux-gnu/6.2.1 -L/opt/Xilinx/SDK/2017.1/gnu/aarch64/lin/aarch64-linux/bin/../lib/gcc/aarch64-linux-gnu -L/opt/Xilinx/SDK/2017.1/gnu/aarch64/lin/aarch64-linux/bin/../lib/gcc -L/opt/Xilinx/SDK/2017.1/gnu/aarch64/lin/aarch64-linux/bin/../lib/gcc/aarch64-linux-gnu/6.2.1/../../../../aarch64-linux-gnu/lib/../lib64 -L/opt/Xilinx/SDK/2017.1/gnu/aarch64/lin/aarch64-linux/bin/../lib/gcc/aarch64-linux-gnu/6.2.1/../../../../aarch64-linux-gnu/lib -L/opt/Xilinx/SDK/2017.1/gnu/aarch64/lin/aarch64-linux/bin/../aarch64-linux-gnu/libc/lib -L/opt/Xilinx/SDK/2017.1/gnu/aarch64/lin/aarch64-linux/bin/../aarch64-linux-gnu/libc/usr/lib CMakeFiles/cmTryCompileExec3109006955.dir/CMakeCXXCompilerABI.cpp.o -lstdc++ -lm --start-group -lgcc -lgcc_eh -lc --end-group /opt/Xilinx/SDK/2017.1/gnu/aarch64/lin/aarch64-linux/bin/../lib/gcc/aarch64-linux-gnu/6.2.1/crtend.o /opt/Xilinx/SDK/2017.1/gnu/aarch64/lin/aarch64-linux/bin/../aarch64-linux-gnu/libc/usr/lib/crtn.o
COLLECT_GCC_OPTIONS='-static' '-v' '-o' 'cmTryCompileExec3109006955' '-rdynamic' '-march=armv8-a' '-mlittle-endian' '-mabi=lp64'
make[1]: Leaving directory `/home/ml/CI_CD/containerized_washer_wiper/CMakeFiles/CMakeTmp'


Parsed CXX implicit link information from above output:
  link line regex: [^( *|.*[/\])(aarch64-linux-gnu-ld|([^/\]+-)?ld|collect2)[^/\]*( |$)]
  ignore line: [Change Dir: /home/ml/CI_CD/containerized_washer_wiper/CMakeFiles/CMakeTmp]
  ignore line: []
  ignore line: [Run Build Command:"/usr/bin/make" "cmTryCompileExec3109006955/fast"]
  ignore line: [/usr/bin/make -f CMakeFiles/cmTryCompileExec3109006955.dir/build.make CMakeFiles/cmTryCompileExec3109006955.dir/build]
  ignore line: [make[1]: Entering directory `/home/ml/CI_CD/containerized_washer_wiper/CMakeFiles/CMakeTmp']
  ignore line: [/usr/local/bin/cmake -E cmake_progress_report /home/ml/CI_CD/containerized_washer_wiper/CMakeFiles/CMakeTmp/CMakeFiles 1]
  ignore line: [Building CXX object CMakeFiles/cmTryCompileExec3109006955.dir/CMakeCXXCompilerABI.cpp.o]
  ignore line: [/opt/Xilinx/SDK/2017.1/gnu/aarch64/lin/aarch64-linux/bin/aarch64-linux-gnu-g++     -o CMakeFiles/cmTryCompileExec3109006955.dir/CMakeCXXCompilerABI.cpp.o -c /usr/local/share/cmake-3.2/Modules/CMakeCXXCompilerABI.cpp]
  ignore line: [Linking CXX executable cmTryCompileExec3109006955]
  ignore line: [/usr/local/bin/cmake -E cmake_link_script CMakeFiles/cmTryCompileExec3109006955.dir/link.txt --verbose=1]
  ignore line: [/opt/Xilinx/SDK/2017.1/gnu/aarch64/lin/aarch64-linux/bin/aarch64-linux-gnu-g++      -static -v CMakeFiles/cmTryCompileExec3109006955.dir/CMakeCXXCompilerABI.cpp.o  -o cmTryCompileExec3109006955 -rdynamic  ]
  ignore line: [Using built-in specs.]
  ignore line: [COLLECT_GCC=/opt/Xilinx/SDK/2017.1/gnu/aarch64/lin/aarch64-linux/bin/aarch64-linux-gnu-g++]
  ignore line: [COLLECT_LTO_WRAPPER=/opt/Xilinx/SDK/2017.1/gnu/aarch64/lin/aarch64-linux/bin/../libexec/gcc/aarch64-linux-gnu/6.2.1/lto-wrapper]
  ignore line: [Target: aarch64-linux-gnu]
  ignore line: [Configured with: /proj/esdt_sdk/gnu_abe/ABE/builds/lin/arm/arm-linux/snapshots/gcc-linaro-snapshot-6.2-2016.11/configure SHELL=/bin/sh --with-bugurl=https://bugs.linaro.org --with-mpc=/proj/esdt_sdk/gnu_abe/ABE/builds/lin/aarch64/aarch64-linux/builds/destdir/x86_64-unknown-linux-gnu --with-mpfr=/proj/esdt_sdk/gnu_abe/ABE/builds/lin/aarch64/aarch64-linux/builds/destdir/x86_64-unknown-linux-gnu --with-gmp=/proj/esdt_sdk/gnu_abe/ABE/builds/lin/aarch64/aarch64-linux/builds/destdir/x86_64-unknown-linux-gnu --with-gnu-as --with-gnu-ld --disable-libstdcxx-pch --disable-libmudflap --with-cloog=no --with-ppl=no --with-isl=no --disable-nls --enable-c99 --enable-gnu-indirect-function --disable-multilib --with-arch=armv8-a --enable-fix-cortex-a53-835769 --enable-fix-cortex-a53-843419 --enable-multiarch CFLAGS=-O2 CXXFLAGS=-O2 --disable-silent-rules --enable-clocale=generic --enable-shared --enable-threads=posix --enable-libquadmath --enable-libg2c --disable-multilib --enable-c99 --enable-symvers=gnu --enable-libstdcxx-pch --without-local-prefix --enable-lto --enable-libssp --disable-bootstrap --disable-libmudflap --with-linker-hash-style=gnu --enable-linker-build-id --with-ppl=no --with-cloog=no --enable-checking=release --enable-cheaders=c_global --without-isl --enable-poison-system-directories --enable-nls --enable-__cxa_atexit --with-build-sysroot=/proj/esdt_sdk/gnu_abe/ABE/builds/lin/aarch64/aarch64-linux/builds/destdir/x86_64-unknown-linux-gnu/aarch64-linux-gnu/libc --enable-plugins --enable-linker-build-id --enable-long-long --enable-shared --with-sysroot=/proj/esdt_sdk/gnu_abe/ABE/builds/lin/aarch64/aarch64-linux/builds/destdir/x86_64-unknown-linux-gnu/aarch64-linux-gnu/libc --enable-languages=c,c++,lto --enable-checking=yes --disable-bootstrap --with-bugurl=https://bugs.linaro.org --build=x86_64-unknown-linux-gnu --host=x86_64-unknown-linux-gnu --target=aarch64-linux-gnu --prefix=/proj/esdt_sdk/gnu_abe/ABE/builds/lin/aarch64/aarch64-linux/builds/destdir/x86_64-unknown-linux-gnu]
  ignore line: [Thread model: posix]
  ignore line: [gcc version 6.2.1 20161114 (Linaro GCC Snapshot 6.2-2016.11) ]
  ignore line: [COMPILER_PATH=/opt/Xilinx/SDK/2017.1/gnu/aarch64/lin/aarch64-linux/bin/../libexec/gcc/aarch64-linux-gnu/6.2.1/:/opt/Xilinx/SDK/2017.1/gnu/aarch64/lin/aarch64-linux/bin/../libexec/gcc/aarch64-linux-gnu/:/opt/Xilinx/SDK/2017.1/gnu/aarch64/lin/aarch64-linux/bin/../libexec/gcc/:/opt/Xilinx/SDK/2017.1/gnu/aarch64/lin/aarch64-linux/bin/../lib/gcc/aarch64-linux-gnu/6.2.1/../../../../aarch64-linux-gnu/bin/]
  ignore line: [LIBRARY_PATH=/opt/Xilinx/SDK/2017.1/gnu/aarch64/lin/aarch64-linux/bin/../lib/gcc/aarch64-linux-gnu/6.2.1/:/opt/Xilinx/SDK/2017.1/gnu/aarch64/lin/aarch64-linux/bin/../lib/gcc/aarch64-linux-gnu/:/opt/Xilinx/SDK/2017.1/gnu/aarch64/lin/aarch64-linux/bin/../lib/gcc/:/opt/Xilinx/SDK/2017.1/gnu/aarch64/lin/aarch64-linux/bin/../lib/gcc/aarch64-linux-gnu/6.2.1/../../../../aarch64-linux-gnu/lib/../lib64/:/opt/Xilinx/SDK/2017.1/gnu/aarch64/lin/aarch64-linux/bin/../lib/gcc/aarch64-linux-gnu/6.2.1/../../../../aarch64-linux-gnu/lib/:/opt/Xilinx/SDK/2017.1/gnu/aarch64/lin/aarch64-linux/bin/../aarch64-linux-gnu/libc/lib/:/opt/Xilinx/SDK/2017.1/gnu/aarch64/lin/aarch64-linux/bin/../aarch64-linux-gnu/libc/usr/lib/]
  ignore line: [COLLECT_GCC_OPTIONS='-static' '-v' '-o' 'cmTryCompileExec3109006955' '-rdynamic' '-march=armv8-a' '-mlittle-endian' '-mabi=lp64']
  link line: [ /opt/Xilinx/SDK/2017.1/gnu/aarch64/lin/aarch64-linux/bin/../libexec/gcc/aarch64-linux-gnu/6.2.1/collect2 -plugin /opt/Xilinx/SDK/2017.1/gnu/aarch64/lin/aarch64-linux/bin/../libexec/gcc/aarch64-linux-gnu/6.2.1/liblto_plugin.so -plugin-opt=/opt/Xilinx/SDK/2017.1/gnu/aarch64/lin/aarch64-linux/bin/../libexec/gcc/aarch64-linux-gnu/6.2.1/lto-wrapper -plugin-opt=-fresolution=/tmp/ccLL7em8.res -plugin-opt=-pass-through=-lgcc -plugin-opt=-pass-through=-lgcc_eh -plugin-opt=-pass-through=-lc --sysroot=/opt/Xilinx/SDK/2017.1/gnu/aarch64/lin/aarch64-linux/bin/../aarch64-linux-gnu/libc --build-id --hash-style=gnu -Bstatic -X -EL -maarch64linux --fix-cortex-a53-835769 --fix-cortex-a53-843419 -o cmTryCompileExec3109006955 /opt/Xilinx/SDK/2017.1/gnu/aarch64/lin/aarch64-linux/bin/../aarch64-linux-gnu/libc/usr/lib/crt1.o /opt/Xilinx/SDK/2017.1/gnu/aarch64/lin/aarch64-linux/bin/../aarch64-linux-gnu/libc/usr/lib/crti.o /opt/Xilinx/SDK/2017.1/gnu/aarch64/lin/aarch64-linux/bin/../lib/gcc/aarch64-linux-gnu/6.2.1/crtbeginT.o -L/opt/Xilinx/SDK/2017.1/gnu/aarch64/lin/aarch64-linux/bin/../lib/gcc/aarch64-linux-gnu/6.2.1 -L/opt/Xilinx/SDK/2017.1/gnu/aarch64/lin/aarch64-linux/bin/../lib/gcc/aarch64-linux-gnu -L/opt/Xilinx/SDK/2017.1/gnu/aarch64/lin/aarch64-linux/bin/../lib/gcc -L/opt/Xilinx/SDK/2017.1/gnu/aarch64/lin/aarch64-linux/bin/../lib/gcc/aarch64-linux-gnu/6.2.1/../../../../aarch64-linux-gnu/lib/../lib64 -L/opt/Xilinx/SDK/2017.1/gnu/aarch64/lin/aarch64-linux/bin/../lib/gcc/aarch64-linux-gnu/6.2.1/../../../../aarch64-linux-gnu/lib -L/opt/Xilinx/SDK/2017.1/gnu/aarch64/lin/aarch64-linux/bin/../aarch64-linux-gnu/libc/lib -L/opt/Xilinx/SDK/2017.1/gnu/aarch64/lin/aarch64-linux/bin/../aarch64-linux-gnu/libc/usr/lib CMakeFiles/cmTryCompileExec3109006955.dir/CMakeCXXCompilerABI.cpp.o -lstdc++ -lm --start-group -lgcc -lgcc_eh -lc --end-group /opt/Xilinx/SDK/2017.1/gnu/aarch64/lin/aarch64-linux/bin/../lib/gcc/aarch64-linux-gnu/6.2.1/crtend.o /opt/Xilinx/SDK/2017.1/gnu/aarch64/lin/aarch64-linux/bin/../aarch64-linux-gnu/libc/usr/lib/crtn.o]
    arg [/opt/Xilinx/SDK/2017.1/gnu/aarch64/lin/aarch64-linux/bin/../libexec/gcc/aarch64-linux-gnu/6.2.1/collect2] ==> ignore
    arg [-plugin] ==> ignore
    arg [/opt/Xilinx/SDK/2017.1/gnu/aarch64/lin/aarch64-linux/bin/../libexec/gcc/aarch64-linux-gnu/6.2.1/liblto_plugin.so] ==> ignore
    arg [-plugin-opt=/opt/Xilinx/SDK/2017.1/gnu/aarch64/lin/aarch64-linux/bin/../libexec/gcc/aarch64-linux-gnu/6.2.1/lto-wrapper] ==> ignore
    arg [-plugin-opt=-fresolution=/tmp/ccLL7em8.res] ==> ignore
    arg [-plugin-opt=-pass-through=-lgcc] ==> ignore
    arg [-plugin-opt=-pass-through=-lgcc_eh] ==> ignore
    arg [-plugin-opt=-pass-through=-lc] ==> ignore
    arg [--sysroot=/opt/Xilinx/SDK/2017.1/gnu/aarch64/lin/aarch64-linux/bin/../aarch64-linux-gnu/libc] ==> ignore
    arg [--build-id] ==> ignore
    arg [--hash-style=gnu] ==> ignore
    arg [-Bstatic] ==> ignore
    arg [-X] ==> ignore
    arg [-EL] ==> ignore
    arg [-maarch64linux] ==> ignore
    arg [--fix-cortex-a53-835769] ==> ignore
    arg [--fix-cortex-a53-843419] ==> ignore
    arg [-o] ==> ignore
    arg [cmTryCompileExec3109006955] ==> ignore
    arg [/opt/Xilinx/SDK/2017.1/gnu/aarch64/lin/aarch64-linux/bin/../aarch64-linux-gnu/libc/usr/lib/crt1.o] ==> ignore
    arg [/opt/Xilinx/SDK/2017.1/gnu/aarch64/lin/aarch64-linux/bin/../aarch64-linux-gnu/libc/usr/lib/crti.o] ==> ignore
    arg [/opt/Xilinx/SDK/2017.1/gnu/aarch64/lin/aarch64-linux/bin/../lib/gcc/aarch64-linux-gnu/6.2.1/crtbeginT.o] ==> ignore
    arg [-L/opt/Xilinx/SDK/2017.1/gnu/aarch64/lin/aarch64-linux/bin/../lib/gcc/aarch64-linux-gnu/6.2.1] ==> dir [/opt/Xilinx/SDK/2017.1/gnu/aarch64/lin/aarch64-linux/bin/../lib/gcc/aarch64-linux-gnu/6.2.1]
    arg [-L/opt/Xilinx/SDK/2017.1/gnu/aarch64/lin/aarch64-linux/bin/../lib/gcc/aarch64-linux-gnu] ==> dir [/opt/Xilinx/SDK/2017.1/gnu/aarch64/lin/aarch64-linux/bin/../lib/gcc/aarch64-linux-gnu]
    arg [-L/opt/Xilinx/SDK/2017.1/gnu/aarch64/lin/aarch64-linux/bin/../lib/gcc] ==> dir [/opt/Xilinx/SDK/2017.1/gnu/aarch64/lin/aarch64-linux/bin/../lib/gcc]
    arg [-L/opt/Xilinx/SDK/2017.1/gnu/aarch64/lin/aarch64-linux/bin/../lib/gcc/aarch64-linux-gnu/6.2.1/../../../../aarch64-linux-gnu/lib/../lib64] ==> dir [/opt/Xilinx/SDK/2017.1/gnu/aarch64/lin/aarch64-linux/bin/../lib/gcc/aarch64-linux-gnu/6.2.1/../../../../aarch64-linux-gnu/lib/../lib64]
    arg [-L/opt/Xilinx/SDK/2017.1/gnu/aarch64/lin/aarch64-linux/bin/../lib/gcc/aarch64-linux-gnu/6.2.1/../../../../aarch64-linux-gnu/lib] ==> dir [/opt/Xilinx/SDK/2017.1/gnu/aarch64/lin/aarch64-linux/bin/../lib/gcc/aarch64-linux-gnu/6.2.1/../../../../aarch64-linux-gnu/lib]
    arg [-L/opt/Xilinx/SDK/2017.1/gnu/aarch64/lin/aarch64-linux/bin/../aarch64-linux-gnu/libc/lib] ==> dir [/opt/Xilinx/SDK/2017.1/gnu/aarch64/lin/aarch64-linux/bin/../aarch64-linux-gnu/libc/lib]
    arg [-L/opt/Xilinx/SDK/2017.1/gnu/aarch64/lin/aarch64-linux/bin/../aarch64-linux-gnu/libc/usr/lib] ==> dir [/opt/Xilinx/SDK/2017.1/gnu/aarch64/lin/aarch64-linux/bin/../aarch64-linux-gnu/libc/usr/lib]
    arg [CMakeFiles/cmTryCompileExec3109006955.dir/CMakeCXXCompilerABI.cpp.o] ==> ignore
    arg [-lstdc++] ==> lib [stdc++]
    arg [-lm] ==> lib [m]
    arg [--start-group] ==> ignore
    arg [-lgcc] ==> lib [gcc]
    arg [-lgcc_eh] ==> lib [gcc_eh]
    arg [-lc] ==> lib [c]
    arg [--end-group] ==> ignore
    arg [/opt/Xilinx/SDK/2017.1/gnu/aarch64/lin/aarch64-linux/bin/../lib/gcc/aarch64-linux-gnu/6.2.1/crtend.o] ==> ignore
    arg [/opt/Xilinx/SDK/2017.1/gnu/aarch64/lin/aarch64-linux/bin/../aarch64-linux-gnu/libc/usr/lib/crtn.o] ==> ignore
  remove lib [gcc]
  remove lib [gcc_eh]
  collapse library dir [/opt/Xilinx/SDK/2017.1/gnu/aarch64/lin/aarch64-linux/bin/../lib/gcc/aarch64-linux-gnu/6.2.1] ==> [/opt/Xilinx/SDK/2017.1/gnu/aarch64/lin/aarch64-linux/lib/gcc/aarch64-linux-gnu/6.2.1]
  collapse library dir [/opt/Xilinx/SDK/2017.1/gnu/aarch64/lin/aarch64-linux/bin/../lib/gcc/aarch64-linux-gnu] ==> [/opt/Xilinx/SDK/2017.1/gnu/aarch64/lin/aarch64-linux/lib/gcc/aarch64-linux-gnu]
  collapse library dir [/opt/Xilinx/SDK/2017.1/gnu/aarch64/lin/aarch64-linux/bin/../lib/gcc] ==> [/opt/Xilinx/SDK/2017.1/gnu/aarch64/lin/aarch64-linux/lib/gcc]
  collapse library dir [/opt/Xilinx/SDK/2017.1/gnu/aarch64/lin/aarch64-linux/bin/../lib/gcc/aarch64-linux-gnu/6.2.1/../../../../aarch64-linux-gnu/lib/../lib64] ==> [/opt/Xilinx/SDK/2017.1/gnu/aarch64/lin/aarch64-linux/aarch64-linux-gnu/lib64]
  collapse library dir [/opt/Xilinx/SDK/2017.1/gnu/aarch64/lin/aarch64-linux/bin/../lib/gcc/aarch64-linux-gnu/6.2.1/../../../../aarch64-linux-gnu/lib] ==> [/opt/Xilinx/SDK/2017.1/gnu/aarch64/lin/aarch64-linux/aarch64-linux-gnu/lib]
  collapse library dir [/opt/Xilinx/SDK/2017.1/gnu/aarch64/lin/aarch64-linux/bin/../aarch64-linux-gnu/libc/lib] ==> [/opt/Xilinx/SDK/2017.1/gnu/aarch64/lin/aarch64-linux/aarch64-linux-gnu/libc/lib]
  collapse library dir [/opt/Xilinx/SDK/2017.1/gnu/aarch64/lin/aarch64-linux/bin/../aarch64-linux-gnu/libc/usr/lib] ==> [/opt/Xilinx/SDK/2017.1/gnu/aarch64/lin/aarch64-linux/aarch64-linux-gnu/libc/usr/lib]
  implicit libs: [stdc++;m;c]
  implicit dirs: [/opt/Xilinx/SDK/2017.1/gnu/aarch64/lin/aarch64-linux/lib/gcc/aarch64-linux-gnu/6.2.1;/opt/Xilinx/SDK/2017.1/gnu/aarch64/lin/aarch64-linux/lib/gcc/aarch64-linux-gnu;/opt/Xilinx/SDK/2017.1/gnu/aarch64/lin/aarch64-linux/lib/gcc;/opt/Xilinx/SDK/2017.1/gnu/aarch64/lin/aarch64-linux/aarch64-linux-gnu/lib64;/opt/Xilinx/SDK/2017.1/gnu/aarch64/lin/aarch64-linux/aarch64-linux-gnu/lib;/opt/Xilinx/SDK/2017.1/gnu/aarch64/lin/aarch64-linux/aarch64-linux-gnu/libc/lib;/opt/Xilinx/SDK/2017.1/gnu/aarch64/lin/aarch64-linux/aarch64-linux-gnu/libc/usr/lib]
  implicit fwks: []




Detecting CXX [-std=c++14] compiler features compiled with the following output:
Change Dir: /home/ml/CI_CD/containerized_washer_wiper/CMakeFiles/CMakeTmp

Run Build Command:"/usr/bin/make" "cmTryCompileExec270354020/fast"
/usr/bin/make -f CMakeFiles/cmTryCompileExec270354020.dir/build.make CMakeFiles/cmTryCompileExec270354020.dir/build
make[1]: Entering directory `/home/ml/CI_CD/containerized_washer_wiper/CMakeFiles/CMakeTmp'
/usr/local/bin/cmake -E cmake_progress_report /home/ml/CI_CD/containerized_washer_wiper/CMakeFiles/CMakeTmp/CMakeFiles 1
Building CXX object CMakeFiles/cmTryCompileExec270354020.dir/feature_tests.cxx.o
/opt/Xilinx/SDK/2017.1/gnu/aarch64/lin/aarch64-linux/bin/aarch64-linux-gnu-g++    -std=c++14 -o CMakeFiles/cmTryCompileExec270354020.dir/feature_tests.cxx.o -c /home/ml/CI_CD/containerized_washer_wiper/CMakeFiles/feature_tests.cxx
Linking CXX executable cmTryCompileExec270354020
/usr/local/bin/cmake -E cmake_link_script CMakeFiles/cmTryCompileExec270354020.dir/link.txt --verbose=1
/opt/Xilinx/SDK/2017.1/gnu/aarch64/lin/aarch64-linux/bin/aarch64-linux-gnu-g++      -static  CMakeFiles/cmTryCompileExec270354020.dir/feature_tests.cxx.o  -o cmTryCompileExec270354020 -rdynamic 
make[1]: Leaving directory `/home/ml/CI_CD/containerized_washer_wiper/CMakeFiles/CMakeTmp'


    Feature record: CXX_FEATURE:1cxx_aggregate_default_initializers
    Feature record: CXX_FEATURE:1cxx_alias_templates
    Feature record: CXX_FEATURE:1cxx_alignas
    Feature record: CXX_FEATURE:1cxx_alignof
    Feature record: CXX_FEATURE:1cxx_attributes
    Feature record: CXX_FEATURE:1cxx_attribute_deprecated
    Feature record: CXX_FEATURE:1cxx_auto_type
    Feature record: CXX_FEATURE:1cxx_binary_literals
    Feature record: CXX_FEATURE:1cxx_constexpr
    Feature record: CXX_FEATURE:1cxx_contextual_conversions
    Feature record: CXX_FEATURE:1cxx_decltype
    Feature record: CXX_FEATURE:1cxx_decltype_auto
    Feature record: CXX_FEATURE:1cxx_decltype_incomplete_return_types
    Feature record: CXX_FEATURE:1cxx_default_function_template_args
    Feature record: CXX_FEATURE:1cxx_defaulted_functions
    Feature record: CXX_FEATURE:1cxx_defaulted_move_initializers
    Feature record: CXX_FEATURE:1cxx_delegating_constructors
    Feature record: CXX_FEATURE:1cxx_deleted_functions
    Feature record: CXX_FEATURE:1cxx_digit_separators
    Feature record: CXX_FEATURE:1cxx_enum_forward_declarations
    Feature record: CXX_FEATURE:1cxx_explicit_conversions
    Feature record: CXX_FEATURE:1cxx_extended_friend_declarations
    Feature record: CXX_FEATURE:1cxx_extern_templates
    Feature record: CXX_FEATURE:1cxx_final
    Feature record: CXX_FEATURE:1cxx_func_identifier
    Feature record: CXX_FEATURE:1cxx_generalized_initializers
    Feature record: CXX_FEATURE:1cxx_generic_lambdas
    Feature record: CXX_FEATURE:1cxx_inheriting_constructors
    Feature record: CXX_FEATURE:1cxx_inline_namespaces
    Feature record: CXX_FEATURE:1cxx_lambdas
    Feature record: CXX_FEATURE:1cxx_lambda_init_captures
    Feature record: CXX_FEATURE:1cxx_local_type_template_args
    Feature record: CXX_FEATURE:1cxx_long_long_type
    Feature record: CXX_FEATURE:1cxx_noexcept
    Feature record: CXX_FEATURE:1cxx_nonstatic_member_init
    Feature record: CXX_FEATURE:1cxx_nullptr
    Feature record: CXX_FEATURE:1cxx_override
    Feature record: CXX_FEATURE:1cxx_range_for
    Feature record: CXX_FEATURE:1cxx_raw_string_literals
    Feature record: CXX_FEATURE:1cxx_reference_qualified_functions
    Feature record: CXX_FEATURE:1cxx_relaxed_constexpr
    Feature record: CXX_FEATURE:1cxx_return_type_deduction
    Feature record: CXX_FEATURE:1cxx_right_angle_brackets
    Feature record: CXX_FEATURE:1cxx_rvalue_references
    Feature record: CXX_FEATURE:1cxx_sizeof_member
    Feature record: CXX_FEATURE:1cxx_static_assert
    Feature record: CXX_FEATURE:1cxx_strong_enums
    Feature record: CXX_FEATURE:1cxx_template_template_parameters
    Feature record: CXX_FEATURE:1cxx_thread_local
    Feature record: CXX_FEATURE:1cxx_trailing_return_types
    Feature record: CXX_FEATURE:1cxx_unicode_literals
    Feature record: CXX_FEATURE:1cxx_uniform_initialization
    Feature record: CXX_FEATURE:1cxx_unrestricted_unions
    Feature record: CXX_FEATURE:1cxx_user_literals
    Feature record: CXX_FEATURE:1cxx_variable_templates
    Feature record: CXX_FEATURE:1cxx_variadic_macros
    Feature record: CXX_FEATURE:1cxx_variadic_templates


Detecting CXX [-std=c++11] compiler features compiled with the following output:
Change Dir: /home/ml/CI_CD/containerized_washer_wiper/CMakeFiles/CMakeTmp

Run Build Command:"/usr/bin/make" "cmTryCompileExec1563013115/fast"
/usr/bin/make -f CMakeFiles/cmTryCompileExec1563013115.dir/build.make CMakeFiles/cmTryCompileExec1563013115.dir/build
make[1]: Entering directory `/home/ml/CI_CD/containerized_washer_wiper/CMakeFiles/CMakeTmp'
/usr/local/bin/cmake -E cmake_progress_report /home/ml/CI_CD/containerized_washer_wiper/CMakeFiles/CMakeTmp/CMakeFiles 1
Building CXX object CMakeFiles/cmTryCompileExec1563013115.dir/feature_tests.cxx.o
/opt/Xilinx/SDK/2017.1/gnu/aarch64/lin/aarch64-linux/bin/aarch64-linux-gnu-g++    -std=c++11 -o CMakeFiles/cmTryCompileExec1563013115.dir/feature_tests.cxx.o -c /home/ml/CI_CD/containerized_washer_wiper/CMakeFiles/feature_tests.cxx
Linking CXX executable cmTryCompileExec1563013115
/usr/local/bin/cmake -E cmake_link_script CMakeFiles/cmTryCompileExec1563013115.dir/link.txt --verbose=1
/opt/Xilinx/SDK/2017.1/gnu/aarch64/lin/aarch64-linux/bin/aarch64-linux-gnu-g++      -static  CMakeFiles/cmTryCompileExec1563013115.dir/feature_tests.cxx.o  -o cmTryCompileExec1563013115 -rdynamic 
make[1]: Leaving directory `/home/ml/CI_CD/containerized_washer_wiper/CMakeFiles/CMakeTmp'


    Feature record: CXX_FEATURE:0cxx_aggregate_default_initializers
    Feature record: CXX_FEATURE:1cxx_alias_templates
    Feature record: CXX_FEATURE:1cxx_alignas
    Feature record: CXX_FEATURE:1cxx_alignof
    Feature record: CXX_FEATURE:1cxx_attributes
    Feature record: CXX_FEATURE:0cxx_attribute_deprecated
    Feature record: CXX_FEATURE:1cxx_auto_type
    Feature record: CXX_FEATURE:0cxx_binary_literals
    Feature record: CXX_FEATURE:1cxx_constexpr
    Feature record: CXX_FEATURE:0cxx_contextual_conversions
    Feature record: CXX_FEATURE:1cxx_decltype
    Feature record: CXX_FEATURE:0cxx_decltype_auto
    Feature record: CXX_FEATURE:1cxx_decltype_incomplete_return_types
    Feature record: CXX_FEATURE:1cxx_default_function_template_args
    Feature record: CXX_FEATURE:1cxx_defaulted_functions
    Feature record: CXX_FEATURE:1cxx_defaulted_move_initializers
    Feature record: CXX_FEATURE:1cxx_delegating_constructors
    Feature record: CXX_FEATURE:1cxx_deleted_functions
    Feature record: CXX_FEATURE:0cxx_digit_separators
    Feature record: CXX_FEATURE:1cxx_enum_forward_declarations
    Feature record: CXX_FEATURE:1cxx_explicit_conversions
    Feature record: CXX_FEATURE:1cxx_extended_friend_declarations
    Feature record: CXX_FEATURE:1cxx_extern_templates
    Feature record: CXX_FEATURE:1cxx_final
    Feature record: CXX_FEATURE:1cxx_func_identifier
    Feature record: CXX_FEATURE:1cxx_generalized_initializers
    Feature record: CXX_FEATURE:0cxx_generic_lambdas
    Feature record: CXX_FEATURE:1cxx_inheriting_constructors
    Feature record: CXX_FEATURE:1cxx_inline_namespaces
    Feature record: CXX_FEATURE:1cxx_lambdas
    Feature record: CXX_FEATURE:0cxx_lambda_init_captures
    Feature record: CXX_FEATURE:1cxx_local_type_template_args
    Feature record: CXX_FEATURE:1cxx_long_long_type
    Feature record: CXX_FEATURE:1cxx_noexcept
    Feature record: CXX_FEATURE:1cxx_nonstatic_member_init
    Feature record: CXX_FEATURE:1cxx_nullptr
    Feature record: CXX_FEATURE:1cxx_override
    Feature record: CXX_FEATURE:1cxx_range_for
    Feature record: CXX_FEATURE:1cxx_raw_string_literals
    Feature record: CXX_FEATURE:1cxx_reference_qualified_functions
    Feature record: CXX_FEATURE:0cxx_relaxed_constexpr
    Feature record: CXX_FEATURE:0cxx_return_type_deduction
    Feature record: CXX_FEATURE:1cxx_right_angle_brackets
    Feature record: CXX_FEATURE:1cxx_rvalue_references
    Feature record: CXX_FEATURE:1cxx_sizeof_member
    Feature record: CXX_FEATURE:1cxx_static_assert
    Feature record: CXX_FEATURE:1cxx_strong_enums
    Feature record: CXX_FEATURE:1cxx_template_template_parameters
    Feature record: CXX_FEATURE:1cxx_thread_local
    Feature record: CXX_FEATURE:1cxx_trailing_return_types
    Feature record: CXX_FEATURE:1cxx_unicode_literals
    Feature record: CXX_FEATURE:1cxx_uniform_initialization
    Feature record: CXX_FEATURE:1cxx_unrestricted_unions
    Feature record: CXX_FEATURE:1cxx_user_literals
    Feature record: CXX_FEATURE:0cxx_variable_templates
    Feature record: CXX_FEATURE:1cxx_variadic_macros
    Feature record: CXX_FEATURE:1cxx_variadic_templates


Detecting CXX [-std=c++98] compiler features compiled with the following output:
Change Dir: /home/ml/CI_CD/containerized_washer_wiper/CMakeFiles/CMakeTmp

Run Build Command:"/usr/bin/make" "cmTryCompileExec1908150485/fast"
/usr/bin/make -f CMakeFiles/cmTryCompileExec1908150485.dir/build.make CMakeFiles/cmTryCompileExec1908150485.dir/build
make[1]: Entering directory `/home/ml/CI_CD/containerized_washer_wiper/CMakeFiles/CMakeTmp'
/usr/local/bin/cmake -E cmake_progress_report /home/ml/CI_CD/containerized_washer_wiper/CMakeFiles/CMakeTmp/CMakeFiles 1
Building CXX object CMakeFiles/cmTryCompileExec1908150485.dir/feature_tests.cxx.o
/opt/Xilinx/SDK/2017.1/gnu/aarch64/lin/aarch64-linux/bin/aarch64-linux-gnu-g++    -std=c++98 -o CMakeFiles/cmTryCompileExec1908150485.dir/feature_tests.cxx.o -c /home/ml/CI_CD/containerized_washer_wiper/CMakeFiles/feature_tests.cxx
Linking CXX executable cmTryCompileExec1908150485
/usr/local/bin/cmake -E cmake_link_script CMakeFiles/cmTryCompileExec1908150485.dir/link.txt --verbose=1
/opt/Xilinx/SDK/2017.1/gnu/aarch64/lin/aarch64-linux/bin/aarch64-linux-gnu-g++      -static  CMakeFiles/cmTryCompileExec1908150485.dir/feature_tests.cxx.o  -o cmTryCompileExec1908150485 -rdynamic 
make[1]: Leaving directory `/home/ml/CI_CD/containerized_washer_wiper/CMakeFiles/CMakeTmp'


    Feature record: CXX_FEATURE:0cxx_aggregate_default_initializers
    Feature record: CXX_FEATURE:0cxx_alias_templates
    Feature record: CXX_FEATURE:0cxx_alignas
    Feature record: CXX_FEATURE:0cxx_alignof
    Feature record: CXX_FEATURE:0cxx_attributes
    Feature record: CXX_FEATURE:0cxx_attribute_deprecated
    Feature record: CXX_FEATURE:0cxx_auto_type
    Feature record: CXX_FEATURE:0cxx_binary_literals
    Feature record: CXX_FEATURE:0cxx_constexpr
    Feature record: CXX_FEATURE:0cxx_contextual_conversions
    Feature record: CXX_FEATURE:0cxx_decltype
    Feature record: CXX_FEATURE:0cxx_decltype_auto
    Feature record: CXX_FEATURE:0cxx_decltype_incomplete_return_types
    Feature record: CXX_FEATURE:0cxx_default_function_template_args
    Feature record: CXX_FEATURE:0cxx_defaulted_functions
    Feature record: CXX_FEATURE:0cxx_defaulted_move_initializers
    Feature record: CXX_FEATURE:0cxx_delegating_constructors
    Feature record: CXX_FEATURE:0cxx_deleted_functions
    Feature record: CXX_FEATURE:0cxx_digit_separators
    Feature record: CXX_FEATURE:0cxx_enum_forward_declarations
    Feature record: CXX_FEATURE:0cxx_explicit_conversions
    Feature record: CXX_FEATURE:0cxx_extended_friend_declarations
    Feature record: CXX_FEATURE:0cxx_extern_templates
    Feature record: CXX_FEATURE:0cxx_final
    Feature record: CXX_FEATURE:0cxx_func_identifier
    Feature record: CXX_FEATURE:0cxx_generalized_initializers
    Feature record: CXX_FEATURE:0cxx_generic_lambdas
    Feature record: CXX_FEATURE:0cxx_inheriting_constructors
    Feature record: CXX_FEATURE:0cxx_inline_namespaces
    Feature record: CXX_FEATURE:0cxx_lambdas
    Feature record: CXX_FEATURE:0cxx_lambda_init_captures
    Feature record: CXX_FEATURE:0cxx_local_type_template_args
    Feature record: CXX_FEATURE:0cxx_long_long_type
    Feature record: CXX_FEATURE:0cxx_noexcept
    Feature record: CXX_FEATURE:0cxx_nonstatic_member_init
    Feature record: CXX_FEATURE:0cxx_nullptr
    Feature record: CXX_FEATURE:0cxx_override
    Feature record: CXX_FEATURE:0cxx_range_for
    Feature record: CXX_FEATURE:0cxx_raw_string_literals
    Feature record: CXX_FEATURE:0cxx_reference_qualified_functions
    Feature record: CXX_FEATURE:0cxx_relaxed_constexpr
    Feature record: CXX_FEATURE:0cxx_return_type_deduction
    Feature record: CXX_FEATURE:0cxx_right_angle_brackets
    Feature record: CXX_FEATURE:0cxx_rvalue_references
    Feature record: CXX_FEATURE:0cxx_sizeof_member
    Feature record: CXX_FEATURE:0cxx_static_assert
    Feature record: CXX_FEATURE:0cxx_strong_enums
    Feature record: CXX_FEATURE:1cxx_template_template_parameters
    Feature record: CXX_FEATURE:0cxx_thread_local
    Feature record: CXX_FEATURE:0cxx_trailing_return_types
    Feature record: CXX_FEATURE:0cxx_unicode_literals
    Feature record: CXX_FEATURE:0cxx_uniform_initialization
    Feature record: CXX_FEATURE:0cxx_unrestricted_unions
    Feature record: CXX_FEATURE:0cxx_user_literals
    Feature record: CXX_FEATURE:0cxx_variable_templates
    Feature record: CXX_FEATURE:0cxx_variadic_macros
    Feature record: CXX_FEATURE:0cxx_variadic_templates
